app/build/intermediates/manifest_merge_blame_file/debug/manifest-merger-blame-debug-report.txt
1<?xml version="1.0" encoding="utf-8"?>
2<manifest xmlns:android="http://schemas.android.com/apk/res/android"
3    package="com.dissertation"
4    android:versionCode="1"
5    android:versionName="1.0" >
6
7    <uses-sdk
8        android:minSdkVersion="22"
8-->src\main\AndroidManifest.xml
9        android:targetSdkVersion="29" />
9-->src\main\AndroidManifest.xml
10
11    <uses-permission android:name="android.permission.BLUETOOTH" />
11-->src\main\AndroidManifest.xml:4:5-68
11-->src\main\AndroidManifest.xml:4:22-65
12    <uses-permission android:name="android.permission.BLUETOOTH_ADMIN" />
12-->src\main\AndroidManifest.xml:5:5-74
12-->src\main\AndroidManifest.xml:5:22-71
13    <uses-permission android:name="android.permission.ACCESS_COARSE_LOCATION" />
13-->src\main\AndroidManifest.xml:6:5-81
13-->src\main\AndroidManifest.xml:6:22-78
14    <uses-permission android:name="android.permission.ACCESS_FINE_LOCATION" />
14-->src\main\AndroidManifest.xml:7:5-79
14-->src\main\AndroidManifest.xml:7:22-76
15
16    <uses-feature
16-->src\main\AndroidManifest.xml:8:5-10:35
17        android:glEsVersion="0x00020000"
17-->src\main\AndroidManifest.xml:9:9-41
18        android:required="true" />
18-->src\main\AndroidManifest.xml:10:9-32
19
20    <application
20-->src\main\AndroidManifest.xml:12:5-33:19
21        android:allowBackup="true"
21-->src\main\AndroidManifest.xml:13:9-35
22        android:appComponentFactory="androidx.core.app.CoreComponentFactory"
22-->[androidx.core:core:1.3.2] AndroidManifest.xml:24:18-86
23        android:debuggable="true"
24        android:icon="@mipmap/ic_launcher"
24-->src\main\AndroidManifest.xml:14:9-43
25        android:label="@string/app_name"
25-->src\main\AndroidManifest.xml:15:9-41
26        android:roundIcon="@mipmap/ic_launcher_round"
26-->src\main\AndroidManifest.xml:16:9-54
27        android:supportsRtl="true"
27-->src\main\AndroidManifest.xml:17:9-35
28        android:testOnly="true"
29        android:theme="@style/AppTheme" >
29-->src\main\AndroidManifest.xml:18:9-40
30        <activity android:name="com.dissertation.WelcomeIntroductionScreen" />
30-->src\main\AndroidManifest.xml:19:9-63
30-->src\main\AndroidManifest.xml:19:19-60
31        <activity android:name="com.dissertation.VariableIntroductionScreen" />
31-->src\main\AndroidManifest.xml:20:9-64
31-->src\main\AndroidManifest.xml:20:19-61
32        <activity android:name="com.dissertation.SinglePlayerMainGameScreen" />
32-->src\main\AndroidManifest.xml:21:9-64
32-->src\main\AndroidManifest.xml:21:19-61
33        <activity android:name="com.dissertation.CreateCharacterScreen" />
33-->src\main\AndroidManifest.xml:22:9-59
33-->src\main\AndroidManifest.xml:22:19-56
34        <activity android:name="com.dissertation.SinglePlayerLevel1Screen" />
34-->src\main\AndroidManifest.xml:23:9-62
34-->src\main\AndroidManifest.xml:23:19-59
35        <activity android:name="com.dissertation.MultiPlayerConnectionScreen" />
35-->src\main\AndroidManifest.xml:24:9-65
35-->src\main\AndroidManifest.xml:24:19-62
36        <activity android:name="com.dissertation.GameStyleChoiceScreen" />
36-->src\main\AndroidManifest.xml:25:9-58
36-->src\main\AndroidManifest.xml:25:19-56
37        <activity android:name="com.dissertation.WelcomeScreen" >
37-->src\main\AndroidManifest.xml:26:9-32:20
37-->src\main\AndroidManifest.xml:26:19-48
38            <intent-filter>
38-->src\main\AndroidManifest.xml:27:13-31:29
39                <action android:name="android.intent.action.MAIN" />
39-->src\main\AndroidManifest.xml:28:17-69
39-->src\main\AndroidManifest.xml:28:25-66
40
41                <category android:name="android.intent.category.LAUNCHER" />
41-->src\main\AndroidManifest.xml:30:17-77
41-->src\main\AndroidManifest.xml:30:27-74
42            </intent-filter>
43        </activity>
44    </application>
45
46</manifest>